<?xml version="1.0" encoding="UTF-8"?>
<testng-results skipped="0" failed="0" ignored="0" total="1" passed="1">
  <reporter-output>
  </reporter-output>
  <suite name="Default suite" duration-ms="31551" started-at="2018-10-29T14:26:01Z" finished-at="2018-10-29T14:26:32Z">
    <groups>
    </groups>
    <test name="Default test" duration-ms="31551" started-at="2018-10-29T14:26:01Z" finished-at="2018-10-29T14:26:32Z">
      <class name="cool.WindowsNavigate">
        <test-method status="PASS" signature="getURL()[pri:0, instance:cool.WindowsNavigate@704641e3]" name="getURL" is-config="true" duration-ms="16635" started-at="2018-10-29T14:26:01Z" finished-at="2018-10-29T14:26:18Z">
          <reporter-output>
          </reporter-output>
        </test-method> <!-- getURL -->
        <test-method status="PASS" signature="windowHandle()[pri:2, instance:cool.WindowsNavigate@704641e3]" name="windowHandle" duration-ms="14824" started-at="2018-10-29T14:26:18Z" finished-at="2018-10-29T14:26:32Z">
          <reporter-output>
          </reporter-output>
        </test-method> <!-- windowHandle -->
      </class> <!-- cool.WindowsNavigate -->
    </test> <!-- Default test -->
  </suite> <!-- Default suite -->
</testng-results>
